Using pre-set license
Built from '2020.3/staging' branch; Version is '2020.3.0f1 (c7b5465681fb) revision 13088070'; Using compiler version '192528614'; Build Type 'Release'
OS: 'Windows 10 Pro; OS build 19041.1415; Version 2004; 64bit' Language: 'tr' Physical Memory: 16264 MB
BatchMode: 1, IsHumanControllingUs: 0, StartBugReporterOnCrash: 0, Is64bit: 1, IsPro: 0

 COMMAND LINE ARGUMENTS:
C:\Program Files\Unity\Hub\Editor\2019.4.11f1\Editor\Unity.exe
-adb2
-batchMode
-noUpm
-name
AssetImportWorker0
-projectPath
C:/Users/İbrahim Karabay/Documents/GitHub/Skeb_Marriage_Run/SkebProject
-logFile
Logs/AssetImportWorker0.log
-srvPort
64440
Successfully changed project path to: C:/Users/İbrahim Karabay/Documents/GitHub/Skeb_Marriage_Run/SkebProject
C:/Users/İbrahim Karabay/Documents/GitHub/Skeb_Marriage_Run/SkebProject
Using Asset Import Pipeline V2.
Refreshing native plugins compatible for Editor in 150.91 ms, found 2 plugins.
Preloading 0 native plugins for Editor in 0.00 ms.
Initialize engine version: 2020.3.0f1 (c7b5465681fb)
[Subsystems] Discovering subsystems at path C:/Program Files/Unity/Hub/Editor/2019.4.11f1/Editor/Data/Resources/UnitySubsystems
[Subsystems] Discovering subsystems at path C:/Users/İbrahim Karabay/Documents/GitHub/Skeb_Marriage_Run/SkebProject/Assets
GfxDevice: creating device client; threaded=0
Direct3D:
    Version:  Direct3D 11.0 [level 11.1]
    Renderer: NVIDIA GeForce GTX 1650 (ID=0x1f91)
    Vendor:   
    VRAM:     3962 MB
    Driver:   30.0.14.7111
Shader 'Universal Render Pipeline/Particles/Lit': fallback shader 'Universal Render Pipeline/Particles/SimpleLit' not found
Initialize mono
Mono path[0] = 'C:/Program Files/Unity/Hub/Editor/2019.4.11f1/Editor/Data/Managed'
Mono path[1] = 'C:/Program Files/Unity/Hub/Editor/2019.4.11f1/Editor/Data/MonoBleedingEdge/lib/mono/unityjit'
Mono config path = 'C:/Program Files/Unity/Hub/Editor/2019.4.11f1/Editor/Data/MonoBleedingEdge/etc'
Using monoOptions --debugger-agent=transport=dt_socket,embedding=1,server=y,suspend=n,address=127.0.0.1:56876
Begin MonoManager ReloadAssembly
Registering precompiled unity dll's ...
Register platform support module: C:/Program Files/Unity/Hub/Editor/2019.4.11f1/Editor/Data/PlaybackEngines/WindowsStandaloneSupport/UnityEditor.WindowsStandalone.Extensions.dll
Registered in 0.001948 seconds.
Native extension for WindowsStandalone target not found
Refreshing native plugins compatible for Editor in 96.82 ms, found 2 plugins.
Preloading 0 native plugins for Editor in 0.00 ms.
Invoked RoslynAnalysisRunner static constructor.
RoslynAnalysisRunner will not be running.
RoslynAnalysisRunner has terminated.
Mono: successfully reloaded assembly
- Completed reload, in  1.017 seconds
Platform modules already initialized, skipping
Registering precompiled user dll's ...
Registered in 0.003783 seconds.
Begin MonoManager ReloadAssembly
Native extension for WindowsStandalone target not found
Refreshing native plugins compatible for Editor in 95.60 ms, found 2 plugins.
Preloading 0 native plugins for Editor in 0.00 ms.
Invoked RoslynAnalysisRunner static constructor.
RoslynAnalysisRunner will not be running.
RoslynAnalysisRunner has terminated.
Mono: successfully reloaded assembly
- Completed reload, in  0.984 seconds
Platform modules already initialized, skipping
========================================================================
Worker process is ready to serve import requests
Shader 'Universal Render Pipeline/Particles/Lit': fallback shader 'Universal Render Pipeline/Particles/SimpleLit' not found
Launched and connected shader compiler UnityShaderCompiler.exe after 0.04 seconds
Refreshing native plugins compatible for Editor in 0.93 ms, found 2 plugins.
Preloading 0 native plugins for Editor in 0.00 ms.
Unloading 3327 Unused Serialized files (Serialized files now loaded: 0)
System memory in use before: 242.3 MB.
System memory in use after: 242.4 MB.

Unloading 26 unused Assets to reduce memory usage. Loaded Objects now: 3766.
Total: 2.858900 ms (FindLiveObjects: 0.582500 ms CreateObjectMapping: 0.220300 ms MarkObjects: 1.913500 ms  DeleteObjects: 0.141300 ms)

========================================================================
Received Import Request.
  path: Assets/Game/_Sprites/upgrade-bg-crop.png
  artifactKey: Guid(0c4da641a78f2e049a58828357d754e8) Importer(815301076,1909f56bfc062723c751e8b465ee728b)
Start importing Assets/Game/_Sprites/upgrade-bg-crop.png using Guid(0c4da641a78f2e049a58828357d754e8) Importer(815301076,1909f56bfc062723c751e8b465ee728b)  -> (artifact id: '23b72ea4f360e65a041a3c7e4ed46979') in 0.136533 seconds
  Import took 0.141943 seconds .

========================================================================
Received Import Request.
  Time since last request: 0.000281 seconds.
  path: Assets/Game/_Sprites/hand1.png
  artifactKey: Guid(8af08623974c99e4cb077fa962dc7bc7) Importer(815301076,1909f56bfc062723c751e8b465ee728b)
Start importing Assets/Game/_Sprites/hand1.png using Guid(8af08623974c99e4cb077fa962dc7bc7) Importer(815301076,1909f56bfc062723c751e8b465ee728b)  -> (artifact id: '919f0c94e6168736fdb78fd8018206d0') in 0.021700 seconds
  Import took 0.027518 seconds .

========================================================================
Received Import Request.
  Time since last request: 0.000257 seconds.
  path: Assets/Game/_Sprites/upgrade-bg-new.png
  artifactKey: Guid(8065e9c3f5912694485f02e37d62b0e3) Importer(815301076,1909f56bfc062723c751e8b465ee728b)
Start importing Assets/Game/_Sprites/upgrade-bg-new.png using Guid(8065e9c3f5912694485f02e37d62b0e3) Importer(815301076,1909f56bfc062723c751e8b465ee728b)  -> (artifact id: '010cdcdd6d66140577e0bc9f10574745') in 0.022856 seconds
  Import took 0.029565 seconds .

========================================================================
Received Import Request.
  Time since last request: 0.000259 seconds.
  path: Assets/Game/_Sprites/next_0.png
  artifactKey: Guid(0dbcb5805f3d0174c8682125b5776599) Importer(815301076,1909f56bfc062723c751e8b465ee728b)
Start importing Assets/Game/_Sprites/next_0.png using Guid(0dbcb5805f3d0174c8682125b5776599) Importer(815301076,1909f56bfc062723c751e8b465ee728b)  -> (artifact id: 'cbb37a917b303e2c4a9768794a379c5c') in 0.025305 seconds
  Import took 0.032919 seconds .

========================================================================
Received Import Request.
  Time since last request: 0.000186 seconds.
  path: Assets/Game/_Sprites/vibration.png
  artifactKey: Guid(4ef2e0b8d2e60674087d9b11e2870e72) Importer(815301076,1909f56bfc062723c751e8b465ee728b)
Start importing Assets/Game/_Sprites/vibration.png using Guid(4ef2e0b8d2e60674087d9b11e2870e72) Importer(815301076,1909f56bfc062723c751e8b465ee728b)  -> (artifact id: '35d6f1d8d2bf7a5ede4c1d303f57d872') in 0.022827 seconds
  Import took 0.029018 seconds .

========================================================================
Received Import Request.
  Time since last request: 0.000199 seconds.
  path: Assets/Game/_Sprites/upgrade-bg.png
  artifactKey: Guid(7b12d93fdd694464abf48b661f1bd2d7) Importer(815301076,1909f56bfc062723c751e8b465ee728b)
Start importing Assets/Game/_Sprites/upgrade-bg.png using Guid(7b12d93fdd694464abf48b661f1bd2d7) Importer(815301076,1909f56bfc062723c751e8b465ee728b)  -> (artifact id: '35d9a91dad0badd1a55c0db3f0364c7a') in 0.023105 seconds
  Import took 0.030332 seconds .

========================================================================
Received Import Request.
  Time since last request: 0.000181 seconds.
  path: Assets/Game/_Sprites/blue-button.png
  artifactKey: Guid(910066836a46e3041804c3345cffce7d) Importer(815301076,1909f56bfc062723c751e8b465ee728b)
Start importing Assets/Game/_Sprites/blue-button.png using Guid(910066836a46e3041804c3345cffce7d) Importer(815301076,1909f56bfc062723c751e8b465ee728b)  -> (artifact id: '11c2921459724d8dcae4bafdcac24def') in 0.022270 seconds
  Import took 0.028211 seconds .

========================================================================
Received Import Request.
  Time since last request: 0.000218 seconds.
  path: Assets/Game/_Sprites/finger1.png
  artifactKey: Guid(73d74e7e50226c847abfe0275893d271) Importer(815301076,1909f56bfc062723c751e8b465ee728b)
Start importing Assets/Game/_Sprites/finger1.png using Guid(73d74e7e50226c847abfe0275893d271) Importer(815301076,1909f56bfc062723c751e8b465ee728b)  -> (artifact id: '076c5c7e4ef958956986e9a4caf4c973') in 0.018259 seconds
  Import took 0.023417 seconds .

========================================================================
Received Import Request.
  Time since last request: 0.000206 seconds.
  path: Assets/Game/_Sprites/mute.png
  artifactKey: Guid(7068c8dfbd7f78f4d956bb535fc0da50) Importer(815301076,1909f56bfc062723c751e8b465ee728b)
Start importing Assets/Game/_Sprites/mute.png using Guid(7068c8dfbd7f78f4d956bb535fc0da50) Importer(815301076,1909f56bfc062723c751e8b465ee728b)  -> (artifact id: '5e95fa4d9f679c4fa6fe8be49eaa87b4') in 0.020111 seconds
  Import took 0.025842 seconds .

========================================================================
Received Import Request.
  Time since last request: 0.000251 seconds.
  path: Assets/Game/_Sprites/retry.png
  artifactKey: Guid(7965a6f52edd7434da160471c1e0f36d) Importer(815301076,1909f56bfc062723c751e8b465ee728b)
Start importing Assets/Game/_Sprites/retry.png using Guid(7965a6f52edd7434da160471c1e0f36d) Importer(815301076,1909f56bfc062723c751e8b465ee728b)  -> (artifact id: '7ac41951b8d140c8c1fd6645584fac8f') in 0.020423 seconds
  Import took 0.027283 seconds .

========================================================================
Received Import Request.
  Time since last request: 0.000262 seconds.
  path: Assets/Game/_Sprites/podium.png
  artifactKey: Guid(25a77ea0f33dcd542bb1f047d2fdaa81) Importer(815301076,1909f56bfc062723c751e8b465ee728b)
Start importing Assets/Game/_Sprites/podium.png using Guid(25a77ea0f33dcd542bb1f047d2fdaa81) Importer(815301076,1909f56bfc062723c751e8b465ee728b)  -> (artifact id: '17027626c3ae0e2b1094a152df627916') in 0.019686 seconds
  Import took 0.026882 seconds .

========================================================================
Received Import Request.
  Time since last request: 0.000173 seconds.
  path: Assets/Game/_Sprites/tutorShape.png
  artifactKey: Guid(20093894a557bcb49903dbe91fded26e) Importer(815301076,1909f56bfc062723c751e8b465ee728b)
Start importing Assets/Game/_Sprites/tutorShape.png using Guid(20093894a557bcb49903dbe91fded26e) Importer(815301076,1909f56bfc062723c751e8b465ee728b)  -> (artifact id: 'c8cad3baa48c2930f4abc33d3e67a93b') in 0.020182 seconds
  Import took 0.025703 seconds .

========================================================================
Received Import Request.
  Time since last request: 0.000172 seconds.
  path: Assets/Game/_Sprites/circle-256-hollow-ticker.png
  artifactKey: Guid(6f7f0d008bd452f4c981424187e20ac4) Importer(815301076,1909f56bfc062723c751e8b465ee728b)
Start importing Assets/Game/_Sprites/circle-256-hollow-ticker.png using Guid(6f7f0d008bd452f4c981424187e20ac4) Importer(815301076,1909f56bfc062723c751e8b465ee728b)  -> (artifact id: 'f9c87bcb142871bb9b64ea88f3aceb97') in 0.020427 seconds
  Import took 0.025380 seconds .

========================================================================
Received Import Request.
  Time since last request: 0.000165 seconds.
  path: Assets/Game/_Sprites/emoji-support.png
  artifactKey: Guid(703181f6f3533634e970278beef731b0) Importer(815301076,1909f56bfc062723c751e8b465ee728b)
Start importing Assets/Game/_Sprites/emoji-support.png using Guid(703181f6f3533634e970278beef731b0) Importer(815301076,1909f56bfc062723c751e8b465ee728b)  -> (artifact id: 'ae53586b9ce0441814fdfc9b6c0389e7') in 0.022925 seconds
  Import took 0.028221 seconds .

========================================================================
Received Import Request.
  Time since last request: 0.000169 seconds.
  path: Assets/Game/_Sprites/circle-128.png
  artifactKey: Guid(567a445c69b7f74419748324958aaf16) Importer(815301076,1909f56bfc062723c751e8b465ee728b)
Start importing Assets/Game/_Sprites/circle-128.png using Guid(567a445c69b7f74419748324958aaf16) Importer(815301076,1909f56bfc062723c751e8b465ee728b)  -> (artifact id: '57d4f9fef1f4f03ec272062e46e4c17a') in 0.020660 seconds
  Import took 0.027031 seconds .

========================================================================
Received Import Request.
  Time since last request: 0.000204 seconds.
  path: Assets/Game/_Sprites/no-vibration.png
  artifactKey: Guid(28452652190bf0841ae3f35ed0bf729a) Importer(815301076,1909f56bfc062723c751e8b465ee728b)
Start importing Assets/Game/_Sprites/no-vibration.png using Guid(28452652190bf0841ae3f35ed0bf729a) Importer(815301076,1909f56bfc062723c751e8b465ee728b)  -> (artifact id: '631557421e17a4f6542dd55ae552a589') in 0.023816 seconds
  Import took 0.028904 seconds .

========================================================================
Received Import Request.
  Time since last request: 0.000195 seconds.
  path: Assets/Game/_Sprites/circle-60.png
  artifactKey: Guid(0ea9488771ff8604eb87ea245c4d6f90) Importer(815301076,1909f56bfc062723c751e8b465ee728b)
Start importing Assets/Game/_Sprites/circle-60.png using Guid(0ea9488771ff8604eb87ea245c4d6f90) Importer(815301076,1909f56bfc062723c751e8b465ee728b)  -> (artifact id: 'bc1b12bdcb89233291936aec82c12d6c') in 0.019039 seconds
  Import took 0.026149 seconds .

========================================================================
Received Import Request.
  Time since last request: 0.000208 seconds.
  path: Assets/Game/_Sprites/circle-16.png
  artifactKey: Guid(6ec73c438291afb4fa6eb288504f167a) Importer(815301076,1909f56bfc062723c751e8b465ee728b)
Start importing Assets/Game/_Sprites/circle-16.png using Guid(6ec73c438291afb4fa6eb288504f167a) Importer(815301076,1909f56bfc062723c751e8b465ee728b)  -> (artifact id: '47531974238ae1ec0aba2e4d02ceedff') in 0.017634 seconds
  Import took 0.025381 seconds .

========================================================================
Received Import Request.
  Time since last request: 0.000178 seconds.
  path: Assets/Game/_Sprites/circle-256-hollow.png
  artifactKey: Guid(082fc754624cbc849a87c798ae1ff28c) Importer(815301076,1909f56bfc062723c751e8b465ee728b)
Start importing Assets/Game/_Sprites/circle-256-hollow.png using Guid(082fc754624cbc849a87c798ae1ff28c) Importer(815301076,1909f56bfc062723c751e8b465ee728b)  -> (artifact id: '711e9a83ea2ff2eec87f35b686709d89') in 0.020656 seconds
  Import took 0.027243 seconds .

========================================================================
Received Import Request.
  Time since last request: 0.000173 seconds.
  path: Assets/Game/_Sprites/hand2.png
  artifactKey: Guid(f41322b71003fe5428c6698567562aee) Importer(815301076,1909f56bfc062723c751e8b465ee728b)
Start importing Assets/Game/_Sprites/hand2.png using Guid(f41322b71003fe5428c6698567562aee) Importer(815301076,1909f56bfc062723c751e8b465ee728b)  -> (artifact id: '0a1ec03e5f24b06d5f87c07f6c08e8a5') in 0.019641 seconds
  Import took 0.025979 seconds .

========================================================================
Received Import Request.
  Time since last request: 0.000183 seconds.
  path: Assets/Game/_Sprites/circle-60-hollow.png
  artifactKey: Guid(4aecfe8aacb243243911c4686b16efee) Importer(815301076,1909f56bfc062723c751e8b465ee728b)
Start importing Assets/Game/_Sprites/circle-60-hollow.png using Guid(4aecfe8aacb243243911c4686b16efee) Importer(815301076,1909f56bfc062723c751e8b465ee728b)  -> (artifact id: '1cfc91697dd9b3fece54c0281b8943c8') in 0.020795 seconds
  Import took 0.026475 seconds .

========================================================================
Received Import Request.
  Time since last request: 0.000188 seconds.
  path: Assets/Game/_Sprites/ok-button.png
  artifactKey: Guid(44ee2fa512fe16f49bc4e742ff24d3ec) Importer(815301076,1909f56bfc062723c751e8b465ee728b)
Start importing Assets/Game/_Sprites/ok-button.png using Guid(44ee2fa512fe16f49bc4e742ff24d3ec) Importer(815301076,1909f56bfc062723c751e8b465ee728b)  -> (artifact id: '27ee760435050659a4766a103e4c0ff6') in 0.020689 seconds
  Import took 0.028506 seconds .

========================================================================
Received Import Request.
  Time since last request: 0.000191 seconds.
  path: Assets/Game/_Sprites/score-bg.png
  artifactKey: Guid(df580b34e052b9c46a7611995e67b09e) Importer(815301076,1909f56bfc062723c751e8b465ee728b)
Start importing Assets/Game/_Sprites/score-bg.png using Guid(df580b34e052b9c46a7611995e67b09e) Importer(815301076,1909f56bfc062723c751e8b465ee728b)  -> (artifact id: '191d388ccb4d9bd9e7a5c487059d7644') in 0.019110 seconds
  Import took 0.024603 seconds .

========================================================================
Received Import Request.
  Time since last request: 0.000203 seconds.
  path: Assets/Game/_Sprites/volume.png
  artifactKey: Guid(c698e9db99db98647b158a410bc21f2c) Importer(815301076,1909f56bfc062723c751e8b465ee728b)
Start importing Assets/Game/_Sprites/volume.png using Guid(c698e9db99db98647b158a410bc21f2c) Importer(815301076,1909f56bfc062723c751e8b465ee728b)  -> (artifact id: 'bf6901e6330bcbac8ffce5355aedf0ee') in 0.020537 seconds
  Import took 0.026505 seconds .

========================================================================
Received Import Request.
  Time since last request: 0.000183 seconds.
  path: Assets/Game/_Sprites/flag.png
  artifactKey: Guid(0976d47cd8dcf14498dc619a2a42ee13) Importer(815301076,1909f56bfc062723c751e8b465ee728b)
Start importing Assets/Game/_Sprites/flag.png using Guid(0976d47cd8dcf14498dc619a2a42ee13) Importer(815301076,1909f56bfc062723c751e8b465ee728b)  -> (artifact id: '037857d8f369a60e5f4958f6b64fbba7') in 0.020174 seconds
  Import took 0.028723 seconds .

========================================================================
Received Import Request.
  Time since last request: 0.000180 seconds.
  path: Assets/Game/_Sprites/white.png
  artifactKey: Guid(7c8748a57c2319e4e80956e237bcb02a) Importer(815301076,1909f56bfc062723c751e8b465ee728b)
Start importing Assets/Game/_Sprites/white.png using Guid(7c8748a57c2319e4e80956e237bcb02a) Importer(815301076,1909f56bfc062723c751e8b465ee728b)  -> (artifact id: '913e3a6cfd05ec8b13de2628d9330924') in 0.017767 seconds
  Import took 0.024980 seconds .

========================================================================
Received Import Request.
  Time since last request: 0.000180 seconds.
  path: Assets/Game/_Sprites/progressBg.png
  artifactKey: Guid(6b31f6cbccb6bf54eb59986dd2a6db62) Importer(815301076,1909f56bfc062723c751e8b465ee728b)
Start importing Assets/Game/_Sprites/progressBg.png using Guid(6b31f6cbccb6bf54eb59986dd2a6db62) Importer(815301076,1909f56bfc062723c751e8b465ee728b)  -> (artifact id: 'd4716e5a62fcd8db58d4da582523536c') in 0.018516 seconds
  Import took 0.025963 seconds .

========================================================================
Received Import Request.
  Time since last request: 0.000172 seconds.
  path: Assets/Game/_Sprites/settings-hollow.png
  artifactKey: Guid(4619396cbb570b74095a1b481dbb90f7) Importer(815301076,1909f56bfc062723c751e8b465ee728b)
Start importing Assets/Game/_Sprites/settings-hollow.png using Guid(4619396cbb570b74095a1b481dbb90f7) Importer(815301076,1909f56bfc062723c751e8b465ee728b)  -> (artifact id: '5bf7c74e15bb8fd3e8be4ff1b14b27af') in 0.022250 seconds
  Import took 0.027160 seconds .

========================================================================
Received Import Request.
  Time since last request: 0.000180 seconds.
  path: Assets/Game/_Sprites/settings.png
  artifactKey: Guid(fed49308bf741e64fbf24a368aa7e83b) Importer(815301076,1909f56bfc062723c751e8b465ee728b)
Start importing Assets/Game/_Sprites/settings.png using Guid(fed49308bf741e64fbf24a368aa7e83b) Importer(815301076,1909f56bfc062723c751e8b465ee728b)  -> (artifact id: '1ec6fa5e44ea2540a10b18422a5c1662') in 0.018610 seconds
  Import took 0.024264 seconds .

========================================================================
Received Import Request.
  Time since last request: 0.000201 seconds.
  path: Assets/Game/_Sprites/settings-hollow.png
  artifactKey: Guid(4619396cbb570b74095a1b481dbb90f7) Importer(815301076,1909f56bfc062723c751e8b465ee728b)
Start importing Assets/Game/_Sprites/settings-hollow.png using Guid(4619396cbb570b74095a1b481dbb90f7) Importer(815301076,1909f56bfc062723c751e8b465ee728b)  -> (artifact id: '5bf7c74e15bb8fd3e8be4ff1b14b27af') in 0.011008 seconds
  Import took 0.018578 seconds .

========================================================================
Received Import Request.
  Time since last request: 0.003503 seconds.
  path: Assets/Game/_Sprites/settings.png
  artifactKey: Guid(fed49308bf741e64fbf24a368aa7e83b) Importer(815301076,1909f56bfc062723c751e8b465ee728b)
Start importing Assets/Game/_Sprites/settings.png using Guid(fed49308bf741e64fbf24a368aa7e83b) Importer(815301076,1909f56bfc062723c751e8b465ee728b)  -> (artifact id: '1ec6fa5e44ea2540a10b18422a5c1662') in 0.008721 seconds
  Import took 0.014270 seconds .

AssetImportWorkerClient::OnTransportError - code=2 error=End of file
